[0m[[0m[0mdebug[0m] [0m[0m> Exec(early(addDefaultCommands), None, None)[0m
[0m[[0m[0mdebug[0m] [0m[0m> Exec(addDefaultCommands, None, None)[0m
[0m[[0m[0mdebug[0m] [0m[0m> Exec(early(initialize), None, None)[0m
[0m[[0m[0mdebug[0m] [0m[0m> Exec(initialize, None, None)[0m
[0m[[0m[0mdebug[0m] [0m[0m> Exec(boot, None, None)[0m
[0m[[0m[0mdebug[0m] [0m[0m> Exec(writeSbtVersion, None, None)[0m
[0m[[0m[0mdebug[0m] [0m[0m> Exec(reload, None, None)[0m
[0m[[0m[0mdebug[0m] [0m[0m> Exec(sbtStashOnFailure, None, None)[0m
[0m[[0m[0mdebug[0m] [0m[0m> Exec(onFailure loadFailed, None, None)[0m
[0m[[0m[0mdebug[0m] [0m[0m> Exec(loadp, None, None)[0m
[0m[[0m[0minfo[0m] [0m[0mwelcome to sbt 1.9.3 (Private Build Java 1.8.0_382)[0m
[0m[[0m[0mdebug[0m] [0m[0mLoad.defaultLoad until apply took 103.3364ms[0m
[0m[[0m[0mdebug[0m] [0m[0m                Load.loadUnit: plugins took 119.9447ms[0m
[0m[[0m[0mdebug[0m] [0m[0m                Load.loadUnit: defsScala took 0.4874ms[0m
[0m[[0m[0mdebug[0m] [0m[0m[Loading] Scanning directory /home/john-thomas2/spark-final/spark-final/project/project[0m
[0m[[0m[0mdebug[0m] [0m[0m                  Load.loadUnit: mkEval took 14.6487ms[0m
[0m[[0m[0mdebug[0m] [0m[0m[Loading] Found non-root projects [0m
[0m[[0m[0mdebug[0m] [0m[0m[Loading] Done in /home/john-thomas2/spark-final/spark-final/project/project, returning: ()[0m
[0m[[0m[0mdebug[0m] [0m[0mdeducing auto plugins based on known facts Set(Atom(sbt.plugins.CorePlugin)) and clauses Clauses(Clause(Atom(sbt.plugins.JvmPlugin),Set(Atom(sbt.plugins.IvyPlugin)))[0m
[0m[[0m[0mdebug[0m] [0m[0mClause(Atom(sbt.ScriptedPlugin),Set(Atom(sbt.plugins.JvmPlugin)))[0m
[0m[[0m[0mdebug[0m] [0m[0mClause(Atom(sbt.plugins.SbtPlugin),Set(Atom(sbt.ScriptedPlugin)))[0m
[0m[[0m[0mdebug[0m] [0m[0mClause(Atom(sbt.plugins.SemanticdbPlugin),Set(Atom(sbt.plugins.JvmPlugin)))[0m
[0m[[0m[0mdebug[0m] [0m[0mClause(Atom(sbt.plugins.JUnitXmlReportPlugin),Set(Atom(sbt.plugins.JvmPlugin)))[0m
[0m[[0m[0mdebug[0m] [0m[0mClause(Atom(sbt.plugins.MiniDependencyTreePlugin),Set(Atom(sbt.plugins.JvmPlugin)))[0m
[0m[[0m[0mdebug[0m] [0m[0mClause(Atom(sbt.plugins.CorePlugin),Set(Atom(sbt.plugins.IvyPlugin)))[0m
[0m[[0m[0mdebug[0m] [0m[0mClause(Atom(sbt.plugins.IvyPlugin),Set(Atom(sbt.plugins.JvmPlugin)))[0m
[0m[[0m[0mdebug[0m] [0m[0mClause(Atom(sbt.plugins.JvmPlugin),Set(Atom(sbt.plugins.SemanticdbPlugin)))[0m
[0m[[0m[0mdebug[0m] [0m[0mClause(Atom(sbt.plugins.JvmPlugin),Set(Atom(sbt.plugins.JUnitXmlReportPlugin)))[0m
[0m[[0m[0mdebug[0m] [0m[0mClause(Atom(sbt.plugins.CorePlugin),Set(Atom(sbt.plugins.Giter8TemplatePlugin)))[0m
[0m[[0m[0mdebug[0m] [0m[0mClause(Atom(sbt.plugins.JvmPlugin),Set(Atom(sbt.plugins.MiniDependencyTreePlugin))))[0m
[0m[[0m[0mdebug[0m] [0m[0m  :: deduced result: Matched(sbt.plugins.CorePlugin,sbt.plugins.Giter8TemplatePlugin,sbt.plugins.IvyPlugin,sbt.plugins.JvmPlugin,sbt.plugins.MiniDependencyTreePlugin,sbt.plugins.JUnitXmlReportPlugin,sbt.plugins.SemanticdbPlugin)[0m
[0m[[0m[0mdebug[0m] [0m[0mPlugins.deducer#function took 44.782 ms[0m
[0m[[0m[0minfo[0m] [0m[0mloading settings for project spark-final-build-build from metals.sbt ...[0m
[0m[[0m[0mdebug[0m] [0m[0m                    Load.resolveProject(spark-final-build-build) took 101.1604ms[0m
[0m[[0m[0mdebug[0m] [0m[0m                  Load.loadTransitive: finalizeProject(Project(id spark-final-build-build, base: /home/john-thomas2/spark-final/spark-final/project/project, plugins: List(<none>))) took 188.7977ms[0m
[0m[[0m[0mdebug[0m] [0m[0m[Loading] Done in /home/john-thomas2/spark-final/spark-final/project/project, returning: (spark-final-build-build)[0m
[0m[[0m[0mdebug[0m] [0m[0m                Load.loadUnit: loadedProjectsRaw took 1263.7092ms[0m
[0m[[0m[0mdebug[0m] [0m[0m                Load.loadUnit: cleanEvalClasses took 10.7024ms[0m
[0m[[0m[0mdebug[0m] [0m[0m              Load.loadUnit(file:/home/john-thomas2/spark-final/spark-final/project/project/, ...) took 1402.261ms[0m
[0m[[0m[0mdebug[0m] [0m[0m            Load.apply: load took 1623.777ms[0m
[0m[[0m[0mdebug[0m] [0m[0m            Load.apply: resolveProjects took 23.5473ms[0m
[0m[[0m[0mdebug[0m] [0m[0m            Load.apply: finalTransforms took 157.5848ms[0m
[0m[[0m[0mdebug[0m] [0m[0m            Load.apply: config.delegates took 16.572ms[0m
[0m[[0m[0mdebug[0m] [0m[0m            Load.apply: Def.make(settings)... took 620.6237ms[0m
[0m[[0m[0mdebug[0m] [0m[0m            Load.apply: structureIndex took 178.0944ms[0m
[0m[[0m[0mdebug[0m] [0m[0m            Load.apply: mkStreams took 1.8109ms[0m
[0m[[0m[0minfo[0m] [0m[0mloading project definition from /home/john-thomas2/spark-final/spark-final/project/project[0m
[0m[[0m[0mdebug[0m] [0m[0mRunning task... Cancel: Signal, check cycles: false, forcegc: true[0m
[0m[[0m[0mdebug[0m] [0m[0m          Load.loadUnit: plugins took 4158.5616ms[0m
[0m[[0m[0mdebug[0m] [0m[0m          Load.loadUnit: defsScala took 0.0058ms[0m
[0m[[0m[0mdebug[0m] [0m[0m[Loading] Scanning directory /home/john-thomas2/spark-final/spark-final/project[0m
[0m[[0m[0mdebug[0m] [0m[0m            Load.loadUnit: mkEval took 0.4326ms[0m
[0m[[0m[0mdebug[0m] [0m[0m[Loading] Found non-root projects [0m
[0m[[0m[0mdebug[0m] [0m[0m[Loading] Done in /home/john-thomas2/spark-final/spark-final/project, returning: ()[0m
[0m[[0m[0mdebug[0m] [0m[0mdeducing auto plugins based on known facts Set(Atom(sbt.plugins.CorePlugin)) and clauses Clauses(Clause(Atom(sbt.plugins.JvmPlugin),Set(Atom(sbt.plugins.IvyPlugin)))[0m
[0m[[0m[0mdebug[0m] [0m[0mClause(Atom(sbt.ScriptedPlugin),Set(Atom(sbt.plugins.JvmPlugin)))[0m
[0m[[0m[0mdebug[0m] [0m[0mClause(Atom(sbt.plugins.SbtPlugin),Set(Atom(sbt.ScriptedPlugin)))[0m
[0m[[0m[0mdebug[0m] [0m[0mClause(Atom(sbt.plugins.SemanticdbPlugin),Set(Atom(sbt.plugins.JvmPlugin)))[0m
[0m[[0m[0mdebug[0m] [0m[0mClause(Atom(sbt.plugins.JUnitXmlReportPlugin),Set(Atom(sbt.plugins.JvmPlugin)))[0m
[0m[[0m[0mdebug[0m] [0m[0mClause(Atom(sbt.plugins.MiniDependencyTreePlugin),Set(Atom(sbt.plugins.JvmPlugin)))[0m
[0m[[0m[0mdebug[0m] [0m[0mClause(Atom(bloop.integrations.sbt.BloopPlugin),Set(Atom(sbt.plugins.JvmPlugin)))[0m
[0m[[0m[0mdebug[0m] [0m[0mClause(Atom(sbt.plugins.CorePlugin),Set(Atom(sbt.plugins.IvyPlugin)))[0m
[0m[[0m[0mdebug[0m] [0m[0mClause(Atom(sbt.plugins.IvyPlugin),Set(Atom(sbt.plugins.JvmPlugin)))[0m
[0m[[0m[0mdebug[0m] [0m[0mClause(Atom(sbt.plugins.JvmPlugin),Set(Atom(sbt.plugins.SemanticdbPlugin)))[0m
[0m[[0m[0mdebug[0m] [0m[0mClause(Atom(sbt.plugins.JvmPlugin),Set(Atom(sbt.plugins.JUnitXmlReportPlugin)))[0m
[0m[[0m[0mdebug[0m] [0m[0mClause(Atom(sbt.plugins.CorePlugin),Set(Atom(sbt.plugins.Giter8TemplatePlugin)))[0m
[0m[[0m[0mdebug[0m] [0m[0mClause(Atom(sbt.plugins.JvmPlugin),Set(Atom(sbt.plugins.MiniDependencyTreePlugin)))[0m
[0m[[0m[0mdebug[0m] [0m[0mClause(Atom(sbt.plugins.JvmPlugin),Set(Atom(bloop.integrations.sbt.BloopPlugin))))[0m
[0m[[0m[0mdebug[0m] [0m[0m  :: deduced result: Matched(sbt.plugins.CorePlugin,sbt.plugins.Giter8TemplatePlugin,sbt.plugins.IvyPlugin,sbt.plugins.JvmPlugin,bloop.integrations.sbt.BloopPlugin,sbt.plugins.MiniDependencyTreePlugin,sbt.plugins.JUnitXmlReportPlugin,sbt.plugins.SemanticdbPlugin)[0m
[0m[[0m[0mdebug[0m] [0m[0mPlugins.deducer#function took 2.5677 ms[0m
[0m[[0m[0minfo[0m] [0m[0mloading settings for project spark-final-build from metals.sbt ...[0m
[0m[[0m[0mdebug[0m] [0m[0m              Load.resolveProject(spark-final-build) took 33.7649ms[0m
[0m[[0m[0mdebug[0m] [0m[0m            Load.loadTransitive: finalizeProject(Project(id spark-final-build, base: /home/john-thomas2/spark-final/spark-final/project, plugins: List(<none>))) took 37.0725ms[0m
[0m[[0m[0mdebug[0m] [0m[0m[Loading] Done in /home/john-thomas2/spark-final/spark-final/project, returning: (spark-final-build)[0m
[0m[[0m[0mdebug[0m] [0m[0m          Load.loadUnit: loadedProjectsRaw took 71.9539ms[0m
[0m[[0m[0mdebug[0m] [0m[0m          Load.loadUnit: cleanEvalClasses took 1.862ms[0m
[0m[[0m[0mdebug[0m] [0m[0m        Load.loadUnit(file:/home/john-thomas2/spark-final/spark-final/project/, ...) took 4233.4967ms[0m
[0m[[0m[0mdebug[0m] [0m[0m      Load.apply: load took 4235.9347ms[0m
[0m[[0m[0mdebug[0m] [0m[0m      Load.apply: resolveProjects took 0.1972ms[0m
[0m[[0m[0mdebug[0m] [0m[0m      Load.apply: finalTransforms took 33.2913ms[0m
[0m[[0m[0mdebug[0m] [0m[0m      Load.apply: config.delegates took 0.6998ms[0m
[0m[[0m[0mdebug[0m] [0m[0m      Load.apply: Def.make(settings)... took 169.3798ms[0m
[0m[[0m[0mdebug[0m] [0m[0m      Load.apply: structureIndex took 50.4345ms[0m
[0m[[0m[0mdebug[0m] [0m[0m      Load.apply: mkStreams took 0.0047ms[0m
[0m[[0m[0minfo[0m] [0m[0mloading project definition from /home/john-thomas2/spark-final/spark-final/project[0m
[0m[[0m[0mdebug[0m] [0m[0mEvaluating tasks: bloopInstall[0m
[0m[[0m[0mdebug[0m] [0m[0mRunning task... Cancel: Signal, check cycles: false, forcegc: true[0m
[0m[[0m[32msuccess[0m] [0m[0mGenerated .bloop/spark-final-build.json[0m
[0m[[0m[32msuccess[0m] [0m[0mTotal time: 1 s, completed Sep 1, 2023 3:48:34 PM[0m
[0m[[0m[0mdebug[0m] [0m[0mRunning task... Cancel: Signal, check cycles: false, forcegc: true[0m
[0m[[0m[0mdebug[0m] [0m[0m    Load.loadUnit: plugins took 5826.409ms[0m
[0m[[0m[0mdebug[0m] [0m[0m    Load.loadUnit: defsScala took 0.0076ms[0m
[0m[[0m[0mdebug[0m] [0m[0m[Loading] Scanning directory /home/john-thomas2/spark-final/spark-final[0m
[0m[[0m[0mdebug[0m] [0m[0m      Load.loadUnit: mkEval took 0.3403ms[0m
[0m[[0m[0mdebug[0m] [0m[0m[Loading] Found non-root projects [0m
[0m[[0m[0mdebug[0m] [0m[0m[Loading] Done in /home/john-thomas2/spark-final/spark-final, returning: ()[0m
[0m[[0m[0mdebug[0m] [0m[0mdeducing auto plugins based on known facts Set(Atom(sbt.plugins.CorePlugin)) and clauses Clauses(Clause(Atom(sbt.plugins.JvmPlugin),Set(Atom(sbt.plugins.IvyPlugin)))[0m
[0m[[0m[0mdebug[0m] [0m[0mClause(Atom(sbt.ScriptedPlugin),Set(Atom(sbt.plugins.JvmPlugin)))[0m
[0m[[0m[0mdebug[0m] [0m[0mClause(Atom(sbt.plugins.SbtPlugin),Set(Atom(sbt.ScriptedPlugin)))[0m
[0m[[0m[0mdebug[0m] [0m[0mClause(Atom(sbt.plugins.SemanticdbPlugin),Set(Atom(sbt.plugins.JvmPlugin)))[0m
[0m[[0m[0mdebug[0m] [0m[0mClause(Atom(sbt.plugins.JUnitXmlReportPlugin),Set(Atom(sbt.plugins.JvmPlugin)))[0m
[0m[[0m[0mdebug[0m] [0m[0mClause(Atom(sbt.plugins.MiniDependencyTreePlugin),Set(Atom(sbt.plugins.JvmPlugin)))[0m
[0m[[0m[0mdebug[0m] [0m[0mClause(Atom(bloop.integrations.sbt.BloopPlugin),Set(Atom(sbt.plugins.JvmPlugin)))[0m
[0m[[0m[0mdebug[0m] [0m[0mClause(Atom(sbt.plugins.CorePlugin),Set(Atom(sbt.plugins.IvyPlugin)))[0m
[0m[[0m[0mdebug[0m] [0m[0mClause(Atom(sbt.plugins.IvyPlugin),Set(Atom(sbt.plugins.JvmPlugin)))[0m
[0m[[0m[0mdebug[0m] [0m[0mClause(Atom(sbt.plugins.JvmPlugin),Set(Atom(sbt.plugins.SemanticdbPlugin)))[0m
[0m[[0m[0mdebug[0m] [0m[0mClause(Atom(sbt.plugins.JvmPlugin),Set(Atom(sbt.plugins.JUnitXmlReportPlugin)))[0m
[0m[[0m[0mdebug[0m] [0m[0mClause(Atom(sbt.plugins.CorePlugin),Set(Atom(sbt.plugins.Giter8TemplatePlugin)))[0m
[0m[[0m[0mdebug[0m] [0m[0mClause(Atom(sbt.plugins.JvmPlugin),Set(Atom(sbt.plugins.MiniDependencyTreePlugin)))[0m
[0m[[0m[0mdebug[0m] [0m[0mClause(Atom(sbt.plugins.JvmPlugin),Set(Atom(bloop.integrations.sbt.BloopPlugin))))[0m
[0m[[0m[0mdebug[0m] [0m[0m  :: deduced result: Matched(sbt.plugins.CorePlugin,sbt.plugins.Giter8TemplatePlugin,sbt.plugins.IvyPlugin,sbt.plugins.JvmPlugin,bloop.integrations.sbt.BloopPlugin,sbt.plugins.MiniDependencyTreePlugin,sbt.plugins.JUnitXmlReportPlugin,sbt.plugins.SemanticdbPlugin)[0m
[0m[[0m[0mdebug[0m] [0m[0mPlugins.deducer#function took 3.5759 ms[0m
[0m[[0m[0minfo[0m] [0m[0mloading settings for project spark-final from build.sbt ...[0m
[0m[[0m[0mdebug[0m] [0m[0m        Load.resolveProject(spark-final) took 34.6973ms[0m
[0m[[0m[0mdebug[0m] [0m[0m      Load.loadTransitive: finalizeProject(Project(id spark-final, base: /home/john-thomas2/spark-final/spark-final, plugins: List(<none>))) took 39.07ms[0m
[0m[[0m[0mdebug[0m] [0m[0m[Loading] Done in /home/john-thomas2/spark-final/spark-final, returning: (spark-final)[0m
[0m[[0m[0mdebug[0m] [0m[0m    Load.loadUnit: loadedProjectsRaw took 134.2837ms[0m
[0m[[0m[0mdebug[0m] [0m[0m    Load.loadUnit: cleanEvalClasses took 3.2469ms[0m
[0m[[0m[0mdebug[0m] [0m[0m  Load.loadUnit(file:/home/john-thomas2/spark-final/spark-final/, ...) took 5965.8435ms[0m
[0m[[0m[0mdebug[0m] [0m[0mLoad.apply: load took 5998.1016ms[0m
[0m[[0m[0mdebug[0m] [0m[0mLoad.apply: resolveProjects took 0.1648ms[0m
[0m[[0m[0mdebug[0m] [0m[0mLoad.apply: finalTransforms took 20.0573ms[0m
[0m[[0m[0mdebug[0m] [0m[0mLoad.apply: config.delegates took 0.7502ms[0m
[0m[[0m[0mdebug[0m] [0m[0mLoad.apply: Def.make(settings)... took 126.9846ms[0m
[0m[[0m[0mdebug[0m] [0m[0mLoad.apply: structureIndex took 38.8231ms[0m
[0m[[0m[0mdebug[0m] [0m[0mLoad.apply: mkStreams took 0.0053ms[0m
[0m[[0m[0minfo[0m] [0m[0mset current project to hello-world (in build file:/home/john-thomas2/spark-final/spark-final/)[0m
[0m[[0m[0mdebug[0m] [0m[0m> Exec(sbtPopOnFailure, None, None)[0m
[0m[[0m[0mdebug[0m] [0m[0m> Exec(resumeFromFailure, None, None)[0m
[0m[[0m[0mdebug[0m] [0m[0m> Exec(notifyUsersAboutShell, None, None)[0m
[0m[[0m[0mdebug[0m] [0m[0m> Exec(iflast shell, None, None)[0m
[0m[[0m[0mdebug[0m] [0m[0m> Exec(shell, None, None)[0m
[0m[[0m[0minfo[0m] [0m[0msbt server started at local:///home/john-thomas2/.sbt/1.0/server/4d833c3d30a456072038/sock[0m
[0m[[0m[0mdebug[0m] [0m[0mWriting bsp connection file[0m
[0m[[0m[0minfo[0m] [0m[0mstarted sbt server[0m
[0m[[0m[0mdebug[0m] [0m[0mForcing garbage collection...[0m
[0m[[0m[0minfo[0m] [0m[0mshutting down sbt server[0m
